# JRE version: Java(TM) SE Runtime Environment (8.0_05-b13) (build 1.8.0_05-b13)
# Java VM: Java HotSpot(TM) 64-Bit Server VM (25.5-b02 mixed mode windows-amd64 compressed oops)
Heap:
 PSYoungGen      total 5632K, used 1121K [0x00000000eab00000, 0x00000000eb200000, 0x0000000100000000)
  eden space 4096K, 3% used [0x00000000eab00000,0x00000000eab20570,0x00000000eaf00000)
  from space 1536K, 64% used [0x00000000eb080000,0x00000000eb178018,0x00000000eb200000)
  to   space 1536K, 0% used [0x00000000eaf00000,0x00000000eaf00000,0x00000000eb080000)
 ParOldGen       total 129536K, used 1187K [0x00000000c0000000, 0x00000000c7e80000, 0x00000000eab00000)
  object space 129536K, 0% used [0x00000000c0000000,0x00000000c0128ca8,0x00000000c7e80000)
 Metaspace       used 4964K, capacity 6384K, committed 6528K, reserved 1056768K
  class space    used 543K, capacity 616K, committed 640K, reserved 1048576K
GC Heap History (10 events):
Event: 0.584 GC heap before
{Heap before GC invocations=4 (full 0):
 PSYoungGen      total 1024K, used 1008K [0x00000000eab00000, 0x00000000ead00000, 0x0000000100000000)
  eden space 512K, 100% used [0x00000000eab00000,0x00000000eab80000,0x00000000eab80000)
  from space 512K, 96% used [0x00000000eab80000,0x00000000eabfc010,0x00000000eac00000)
  to   space 512K, 0% used [0x00000000eac80000,0x00000000eac80000,0x00000000ead00000)
 ParOldGen       total 129536K, used 231K [0x00000000c0000000, 0x00000000c7e80000, 0x00000000eab00000)
  object space 129536K, 0% used [0x00000000c0000000,0x00000000c0039d40,0x00000000c7e80000)
 Metaspace       used 3235K, capacity 4784K, committed 5120K, reserved 1056768K
  class space    used 354K, capacity 424K, committed 512K, reserved 1048576K
Event: 0.589 GC heap after
Heap after GC invocations=4 (full 0):
 PSYoungGen      total 1536K, used 506K [0x00000000eab00000, 0x00000000ead00000, 0x0000000100000000)
  eden space 1024K, 0% used [0x00000000eab00000,0x00000000eab00000,0x00000000eac00000)
  from space 512K, 98% used [0x00000000eac80000,0x00000000eacfea80,0x00000000ead00000)
  to   space 512K, 0% used [0x00000000eac00000,0x00000000eac00000,0x00000000eac80000)
 ParOldGen       total 129536K, used 445K [0x00000000c0000000, 0x00000000c7e80000, 0x00000000eab00000)
  object space 129536K, 0% used [0x00000000c0000000,0x00000000c006f700,0x00000000c7e80000)
 Metaspace       used 3235K, capacity 4784K, committed 5120K, reserved 1056768K
  class space    used 354K, capacity 424K, committed 512K, reserved 1048576K
}
Event: 0.834 GC heap before
{Heap before GC invocations=5 (full 0):
 PSYoungGen      total 1536K, used 1527K [0x00000000eab00000, 0x00000000ead00000, 0x0000000100000000)
  eden space 1024K, 99% used [0x00000000eab00000,0x00000000eabff3f0,0x00000000eac00000)
  from space 512K, 98% used [0x00000000eac80000,0x00000000eacfea80,0x00000000ead00000)
  to   space 512K, 0% used [0x00000000eac00000,0x00000000eac00000,0x00000000eac80000)
 ParOldGen       total 129536K, used 445K [0x00000000c0000000, 0x00000000c7e80000, 0x00000000eab00000)
  object space 129536K, 0% used [0x00000000c0000000,0x00000000c006f700,0x00000000c7e80000)
 Metaspace       used 3553K, capacity 5104K, committed 5376K, reserved 1056768K
  class space    used 397K, capacity 488K, committed 512K, reserved 1048576K
Event: 0.835 GC heap after
Heap after GC invocations=5 (full 0):
 PSYoungGen      total 1536K, used 487K [0x00000000eab00000, 0x00000000eaf00000, 0x0000000100000000)
  eden space 1024K, 0% used [0x00000000eab00000,0x00000000eab00000,0x00000000eac00000)
  from space 512K, 95% used [0x00000000eac00000,0x00000000eac79c70,0x00000000eac80000)
  to   space 1024K, 0% used [0x00000000eae00000,0x00000000eae00000,0x00000000eaf00000)
 ParOldGen       total 129536K, used 760K [0x00000000c0000000, 0x00000000c7e80000, 0x00000000eab00000)
  object space 129536K, 0% used [0x00000000c0000000,0x00000000c00be190,0x00000000c7e80000)
 Metaspace       used 3553K, capacity 5104K, committed 5376K, reserved 1056768K
  class space    used 397K, capacity 488K, committed 512K, reserved 1048576K
}
Event: 0.874 GC heap before
{Heap before GC invocations=6 (full 0):
 PSYoungGen      total 1536K, used 1511K [0x00000000eab00000, 0x00000000eaf00000, 0x0000000100000000)
  eden space 1024K, 100% used [0x00000000eab00000,0x00000000eac00000,0x00000000eac00000)
  from space 512K, 95% used [0x00000000eac00000,0x00000000eac79c70,0x00000000eac80000)
  to   space 1024K, 0% used [0x00000000eae00000,0x00000000eae00000,0x00000000eaf00000)
 ParOldGen       total 129536K, used 760K [0x00000000c0000000, 0x00000000c7e80000, 0x00000000eab00000)
  object space 129536K, 0% used [0x00000000c0000000,0x00000000c00be190,0x00000000c7e80000)
 Metaspace       used 3845K, capacity 5392K, committed 5760K, reserved 1056768K
  class space    used 432K, capacity 520K, committed 640K, reserved 1048576K
Event: 0.875 GC heap after
Heap after GC invocations=6 (full 0):
 PSYoungGen      total 3072K, used 870K [0x00000000eab00000, 0x00000000eaf00000, 0x0000000100000000)
  eden space 2048K, 0% used [0x00000000eab00000,0x00000000eab00000,0x00000000ead00000)
  from space 1024K, 84% used [0x00000000eae00000,0x00000000eaed9828,0x00000000eaf00000)
  to   space 1024K, 0% used [0x00000000ead00000,0x00000000ead00000,0x00000000eae00000)
 ParOldGen       total 129536K, used 760K [0x00000000c0000000, 0x00000000c7e80000, 0x00000000eab00000)
  object space 129536K, 0% used [0x00000000c0000000,0x00000000c00be190,0x00000000c7e80000)
 Metaspace       used 3845K, capacity 5392K, committed 5760K, reserved 1056768K
  class space    used 432K, capacity 520K, committed 640K, reserved 1048576K
}
Event: 0.945 GC heap before
{Heap before GC invocations=7 (full 0):
 PSYoungGen      total 3072K, used 2918K [0x00000000eab00000, 0x00000000eaf00000, 0x0000000100000000)
  eden space 2048K, 100% used [0x00000000eab00000,0x00000000ead00000,0x00000000ead00000)
  from space 1024K, 84% used [0x00000000eae00000,0x00000000eaed9828,0x00000000eaf00000)
  to   space 1024K, 0% used [0x00000000ead00000,0x00000000ead00000,0x00000000eae00000)
 ParOldGen       total 129536K, used 760K [0x00000000c0000000, 0x00000000c7e80000, 0x00000000eab00000)
  object space 129536K, 0% used [0x00000000c0000000,0x00000000c00be190,0x00000000c7e80000)
 Metaspace       used 4534K, capacity 5968K, committed 6272K, reserved 1056768K
  class space    used 507K, capacity 584K, committed 640K, reserved 1048576K
Event: 0.946 GC heap after
Heap after GC invocations=7 (full 0):
 PSYoungGen      total 3072K, used 951K [0x00000000eab00000, 0x00000000eb200000, 0x0000000100000000)
  eden space 2048K, 0% used [0x00000000eab00000,0x00000000eab00000,0x00000000ead00000)
  from space 1024K, 92% used [0x00000000ead00000,0x00000000eadedf50,0x00000000eae00000)
  to   space 1536K, 0% used [0x00000000eb080000,0x00000000eb080000,0x00000000eb200000)
 ParOldGen       total 129536K, used 1016K [0x00000000c0000000, 0x00000000c7e80000, 0x00000000eab00000)
  object space 129536K, 0% used [0x00000000c0000000,0x00000000c00fe228,0x00000000c7e80000)
 Metaspace       used 4534K, capacity 5968K, committed 6272K, reserved 1056768K
  class space    used 507K, capacity 584K, committed 640K, reserved 1048576K
}
Event: 1.008 GC heap before
{Heap before GC invocations=8 (full 0):
 PSYoungGen      total 3072K, used 2999K [0x00000000eab00000, 0x00000000eb200000, 0x0000000100000000)
  eden space 2048K, 100% used [0x00000000eab00000,0x00000000ead00000,0x00000000ead00000)
  from space 1024K, 92% used [0x00000000ead00000,0x00000000eadedf50,0x00000000eae00000)
  to   space 1536K, 0% used [0x00000000eb080000,0x00000000eb080000,0x00000000eb200000)
 ParOldGen       total 129536K, used 1016K [0x00000000c0000000, 0x00000000c7e80000, 0x00000000eab00000)
  object space 129536K, 0% used [0x00000000c0000000,0x00000000c00fe228,0x00000000c7e80000)
 Metaspace       used 4936K, capacity 6320K, committed 6528K, reserved 1056768K
  class space    used 543K, capacity 616K, committed 640K, reserved 1048576K
Event: 1.010 GC heap after
Heap after GC invocations=8 (full 0):
 PSYoungGen      total 5632K, used 992K [0x00000000eab00000, 0x00000000eb200000, 0x0000000100000000)
  eden space 4096K, 0% used [0x00000000eab00000,0x00000000eab00000,0x00000000eaf00000)
  from space 1536K, 64% used [0x00000000eb080000,0x00000000eb178018,0x00000000eb200000)
  to   space 1536K, 0% used [0x00000000eaf00000,0x00000000eaf00000,0x00000000eb080000)
 ParOldGen       total 129536K, used 1187K [0x00000000c0000000, 0x00000000c7e80000, 0x00000000eab00000)
  object space 129536K, 0% used [0x00000000c0000000,0x00000000c0128ca8,0x00000000c7e80000)
 Metaspace       used 4936K, capacity 6320K, committed 6528K, reserved 1056768K
  class space    used 543K, capacity 616K, committed 640K, reserved 1048576K
}

